[asianitbd.com/wp/eventtime/index.html]
[asianitbd.com/wp/eventtime/wp-content/themes/eventtime/images/favicon.png]
[backblue.gif]
[fade.gif]
[index.html]
[asianitbd.com/wp/eventtime/wp-includes/css/dashicons.mind47a.css]
[asianitbd.com/wp/eventtime/feed/index.html]
[asianitbd.com/wp/eventtime/wp-includes/css/jquery-ui-dialog.mind47a.css]
[asianitbd.com/wp/eventtime/comments/feed/index.html]
[asianitbd.com/wp/eventtime/wp-content/plugins/contact-form-7/includes/css/stylesa94e.css]
[asianitbd.com/wp/eventtime/wp-content/plugins/revslider/public/assets/css/settingsc6ac.css]
[asianitbd.com/wp/eventtime/wp-content/themes/eventtime/css/bootstrap.mind47a.css]
[asianitbd.com/wp/eventtime/wp-content/themes/eventtime/css/font-awesome.mind47a.css]
[asianitbd.com/wp/eventtime/wp-content/themes/eventtime/css/animated47a.css]
[asianitbd.com/wp/eventtime/wp-content/themes/eventtime/css/hoverd47a.css]
[asianitbd.com/wp/eventtime/wp-content/themes/eventtime/css/jquery.fancyboxd47a.css]
[asianitbd.com/wp/eventtime/wp-content/themes/eventtime/css/jquery.bxsliderd47a.css]
[asianitbd.com/wp/eventtime/wp-content/themes/eventtime/css/owl.carouseld47a.css]
[asianitbd.com/wp/eventtime/wp-content/themes/eventtime/css/owl.theme.default.mind47a.css]
[asianitbd.com/wp/eventtime/wp-content/themes/eventtime/css/settingsd47a.css]
[asianitbd.com/wp/eventtime/wp-content/themes/eventtime/styled47a.css]
[asianitbd.com/wp/eventtime/wp-content/themes/eventtime/css/responsived47a.css]
[asianitbd.com/wp/eventtime/wp-content/themes/eventtime/css/customd47a.css]
[asianitbd.com/wp/eventtime/wp-content/plugins/js_composer/assets/css/js_composer.minc422.css]
[asianitbd.com/wp/eventtime/wp-includes/js/jquery/jqueryc1d8.js]
[asianitbd.com/wp/eventtime/wp-includes/js/jquery/jquery-migrate.min1576.js]
[asianitbd.com/wp/eventtime/wp-content/plugins/revslider/public/assets/js/jquery.themepunch.tools.minc6ac.js]
[asianitbd.com/wp/eventtime/wp-content/plugins/revslider/public/assets/js/jquery.themepunch.revolution.minc6ac.js]
[asianitbd.com/wp/eventtime/wp-content/themes/eventtime/js/html5shivd47a.js]
[asianitbd.com/wp/eventtime/wp-content/themes/eventtime/js/respond.mind47a.js]
[asianitbd.com/wp/eventtime/wp-content/themes/eventtime/js/googlemapsd47a.js]
[asianitbd.com/wp/eventtime/xmlrpc0db0.php]
[asianitbd.com/wp/eventtime/wp-includes/wlwmanifest.xml]
[asianitbd.com/wp/eventtime/wp-json/index.html]
[asianitbd.com/wp/eventtime/wp-content/themes/eventtime/img/resources/logo.png]
[asianitbd.com/wp/eventtime/wp-content/uploads/2016/02/banner-bg-2.jpg]
[asianitbd.com/wp/eventtime/about-us/index.html]
[asianitbd.com/wp/eventtime/home-v2/index.html]
[asianitbd.com/wp/eventtime/services-html/index.html]
[asianitbd.com/wp/eventtime/wp-content/uploads/2016/01/subscribe-section-bg-2.jpg]
[asianitbd.com/wp/eventtime/2016/02/index.html]
[asianitbd.com/wp/eventtime/2016/02/11/blog-heading/index.html]
[asianitbd.com/wp/eventtime/wp-content/uploads/2016/02/register-bg-2.jpg]
[asianitbd.com/wp/eventtime/wp-content/uploads/2016/01/1-5.png]
[asianitbd.com/wp/eventtime/wp-content/uploads/2016/01/2-5.png]
[asianitbd.com/wp/eventtime/wp-content/uploads/2016/01/3-5.png]
[asianitbd.com/wp/eventtime/wp-content/uploads/2016/01/4-5.png]
[asianitbd.com/wp/eventtime/wp-content/uploads/2016/01/1-3.jpg]
[asianitbd.com/wp/eventtime/wp-content/uploads/2016/01/author.png]
[asianitbd.com/wp/eventtime/wp-content/uploads/2016/01/2-2.jpg]
[asianitbd.com/wp/eventtime/wp-content/uploads/2016/01/3-2.jpg]
[asianitbd.com/wp/eventtime/wp-content/themes/eventtime/img/icons/name.png]
[asianitbd.com/wp/eventtime/wp-content/themes/eventtime/img/icons/email.png]
[asianitbd.com/wp/eventtime/wp-content/themes/eventtime/img/icons/phone.png]
[asianitbd.com/wp/eventtime/wp-content/themes/eventtime/img/icons/password.png]
[asianitbd.com/wp/eventtime/wp-content/uploads/2016/01/4-1-2.png]
[asianitbd.com/wp/eventtime/wp-content/uploads/2016/01/3-1-2.png]
[asianitbd.com/wp/eventtime/wp-content/uploads/2016/01/2-1-2.png]
[asianitbd.com/wp/eventtime/wp-content/uploads/2016/01/1-1-2.png]
[asianitbd.com/wp/eventtime/wp-content/uploads/2016/01/app-main-2.png]
[asianitbd.com/wp/eventtime/wp-content/uploads/2016/01/app-bg-2.png]
[asianitbd.com/wp/eventtime/wp-content/themes/eventtime/img/testimonials/arrow-left.png]
[asianitbd.com/wp/eventtime/wp-content/themes/eventtime/img/testimonials/arrow-right.png]
[asianitbd.com/wp/eventtime/wp-content/uploads/2016/02/1-2.png]
[asianitbd.com/wp/eventtime/wp-content/uploads/2016/02/2-2.png]
[asianitbd.com/wp/eventtime/wp-content/uploads/2016/02/3-2.png]
[asianitbd.com/wp/eventtime/wp-content/uploads/2016/02/4-2.png]
[asianitbd.com/wp/eventtime/wp-content/uploads/2016/01/8-2.png]
[asianitbd.com/wp/eventtime/wp-content/uploads/2016/01/8-2-316x236.png]
[asianitbd.com/wp/eventtime/wp-content/uploads/2016/01/7-2.png]
[asianitbd.com/wp/eventtime/wp-content/uploads/2016/01/7-2-316x236.png]
[asianitbd.com/wp/eventtime/wp-content/uploads/2016/01/6-2.png]
[asianitbd.com/wp/eventtime/wp-content/uploads/2016/01/6-2-316x236.png]
[asianitbd.com/wp/eventtime/wp-content/uploads/2016/01/5-2.png]
[asianitbd.com/wp/eventtime/wp-content/uploads/2016/01/5-2-316x236.png]
[asianitbd.com/wp/eventtime/wp-content/uploads/2016/01/4-2-2.png]
[asianitbd.com/wp/eventtime/wp-content/uploads/2016/01/4-2-2-316x236.png]
[asianitbd.com/wp/eventtime/wp-content/uploads/2016/01/3-2-2.png]
[asianitbd.com/wp/eventtime/wp-content/uploads/2016/01/3-2-2-316x236.png]
[asianitbd.com/wp/eventtime/wp-content/uploads/2016/01/2-2-2.png]
[asianitbd.com/wp/eventtime/wp-content/uploads/2016/01/2-2-2-316x236.png]
[asianitbd.com/wp/eventtime/wp-content/uploads/2016/01/1-2-2.png]
[asianitbd.com/wp/eventtime/wp-content/uploads/2016/01/1-2-2-316x236.png]
[asianitbd.com/wp/eventtime/wp-content/uploads/2016/02/4-2.jpg]
[asianitbd.com/wp/eventtime/wp-content/uploads/2016/02/2-2.jpg]
[asianitbd.com/wp/eventtime/author/eventtime/index.html]
[asianitbd.com/wp/eventtime/2016/02/11/post-with-image-here-7/index.html]
[asianitbd.com/wp/eventtime/wp-content/uploads/2016/01/1-3.png]
[asianitbd.com/wp/eventtime/2016/02/11/text-post-only-here/index.html]
[asianitbd.com/wp/eventtime/2016/02/11/post-with-link/index.html]
[asianitbd.com/wp/eventtime/wp-content/uploads/2016/01/2-3.png]
[asianitbd.com/wp/eventtime/2016/02/11/post-with-image-here/index.html]
[asianitbd.com/wp/eventtime/wp-content/uploads/2016/01/3-3.png]
[asianitbd.com/wp/eventtime/wp-content/uploads/2016/01/4-3.png]
[asianitbd.com/wp/eventtime/wp-content/uploads/2016/03/logo.png]
[asianitbd.com/wp/eventtime/wp-content/uploads/2016/02/4-2-75x65.jpg]
[asianitbd.com/wp/eventtime/wp-content/uploads/2016/02/3-2-75x65.jpg]
[asianitbd.com/wp/eventtime/2016/02/11/post-with-image-here-6/index.html]
[asianitbd.com/wp/eventtime/wp-content/uploads/2016/01/1-1-2-75x65.jpg]
[asianitbd.com/wp/eventtime/2016/02/11/post-with-image-here-5/index.html]
[asianitbd.com/wp/eventtime/index-2.html]
[asianitbd.com/wp/eventtime/2016/02/11/post-with-image-here-4/index.html]
[asianitbd.com/wp/eventtime/2016/02/11/post-with-image-here-3/index.html]
[asianitbd.com/wp/eventtime/wp-includes/js/jquery/ui/core.mine899.js]
[asianitbd.com/wp/eventtime/2016/02/11/post-with-image-here-2/index.html]
[asianitbd.com/wp/eventtime/wp-includes/js/jquery/ui/widget.mine899.js]
[asianitbd.com/wp/eventtime/wp-includes/js/jquery/ui/mouse.mine899.js]
[asianitbd.com/wp/eventtime/wp-includes/js/jquery/ui/resizable.mine899.js]
[asianitbd.com/wp/eventtime/wp-includes/js/jquery/ui/draggable.mine899.js]
[asianitbd.com/wp/eventtime/wp-includes/js/jquery/ui/button.mine899.js]
[asianitbd.com/wp/eventtime/wp-includes/js/jquery/ui/position.mine899.js]
[asianitbd.com/wp/eventtime/wp-includes/js/jquery/ui/dialog.mine899.js]
[asianitbd.com/wp/eventtime/wp-includes/js/wpdialog.mind47a.js]
[asianitbd.com/wp/eventtime/wp-content/plugins/contact-form-7/includes/js/jquery.form.mind03d.js]
[asianitbd.com/wp/eventtime/wp-content/plugins/contact-form-7/includes/js/scriptsa94e.js]
[asianitbd.com/wp/eventtime/wp-content/themes/eventtime/js/countdown.mind47a.js]
[asianitbd.com/wp/eventtime/wp-content/themes/eventtime/js/jquery.easing.mind47a.js]
[asianitbd.com/wp/eventtime/wp-content/themes/eventtime/js/jquery.fancybox.packd47a.js]
[asianitbd.com/wp/eventtime/wp-content/themes/eventtime/js/jquery.mixitup.mind47a.js]
[asianitbd.com/wp/eventtime/wp-content/themes/eventtime/js/jquery.bxslider.mind47a.js]
[asianitbd.com/wp/eventtime/wp-content/themes/eventtime/js/owl.carousel.mind47a.js]
[asianitbd.com/wp/eventtime/wp-content/themes/eventtime/js/jquery.appeard47a.js]
[asianitbd.com/wp/eventtime/wp-content/themes/eventtime/js/jquery.countTod47a.js]
[asianitbd.com/wp/eventtime/wp-content/themes/eventtime/js/circle-progressd47a.js]
[asianitbd.com/wp/eventtime/wp-content/themes/eventtime/js/wowd47a.js]
[asianitbd.com/wp/eventtime/wp-content/themes/eventtime/js/jquery.navd47a.js]
[asianitbd.com/wp/eventtime/wp-content/themes/eventtime/js/jquery.scrollTod47a.js]
[asianitbd.com/wp/eventtime/wp-content/themes/eventtime/js/customd47a.js]
[asianitbd.com/wp/eventtime/wp-includes/js/comment-reply.mind47a.js]
[asianitbd.com/wp/eventtime/wp-includes/js/wp-embed.mind47a.js]
[asianitbd.com/wp/eventtime/index.html]
[asianitbd.com/wp/eventtime/wp-content/themes/eventtime/images/favicon.html]
[asianitbd.com/wp/eventtime/wp-content/plugins/js_composer/assets/js/dist/js_composer_front.minc422.js]
[asianitbd.com/wp/eventtime/wp-includes/css/dashicons.mind47a.css]
[asianitbd.com/wp/eventtime/wp-includes/css/jquery-ui-dialog.mind47a.css]
[asianitbd.com/wp/eventtime/wp-content/plugins/contact-form-7/includes/css/stylesa94e.css]
[asianitbd.com/wp/eventtime/wp-includes/fonts/dashicons.eot]
[asianitbd.com/wp/eventtime/wp-content/plugins/revslider/public/assets/fonts/revicons/revicons90c6.woff]
[asianitbd.com/wp/eventtime/wp-content/plugins/revslider/public/assets/fonts/revicons/revicons90c6.eot]
[asianitbd.com/wp/eventtime/wp-content/plugins/revslider/public/assets/fonts/revicons/revicons90c6.ttf]
[asianitbd.com/wp/eventtime/wp-content/plugins/revslider/public/assets/fonts/revicons/revicons90c6.svg]
[asianitbd.com/wp/eventtime/wp-content/plugins/revslider/public/assets/assets/gridtile.png]
[asianitbd.com/wp/eventtime/wp-content/plugins/revslider/public/assets/assets/gridtile_white.png]
[asianitbd.com/wp/eventtime/wp-content/plugins/revslider/public/assets/assets/gridtile_3x3.png]
[asianitbd.com/wp/eventtime/wp-content/plugins/revslider/public/assets/assets/gridtile_3x3_white.png]
[asianitbd.com/wp/eventtime/wp-content/plugins/revslider/public/assets/assets/coloredbg.png]
[asianitbd.com/wp/eventtime/wp-content/plugins/revslider/public/assets/assets/loader.gif]
[asianitbd.com/wp/eventtime/wp-content/plugins/revslider/public/assets/css/settingsc6ac.css]
[asianitbd.com/wp/eventtime/wp-content/themes/eventtime/fonts/glyphicons-halflings-regular.eot]
[asianitbd.com/wp/eventtime/wp-content/themes/eventtime/fonts/glyphicons-halflings-regulard41d.eot]
[asianitbd.com/wp/eventtime/wp-content/themes/eventtime/fonts/glyphicons-halflings-regular.woff2]
[asianitbd.com/wp/eventtime/wp-content/themes/eventtime/fonts/glyphicons-halflings-regular.woff]
[asianitbd.com/wp/eventtime/wp-content/themes/eventtime/fonts/glyphicons-halflings-regular.ttf]
[asianitbd.com/wp/eventtime/wp-content/themes/eventtime/css/bootstrap.mind47a.css]
[asianitbd.com/wp/eventtime/wp-content/themes/eventtime/fonts/glyphicons-halflings-regular.svg]
[asianitbd.com/wp/eventtime/wp-content/themes/eventtime/fonts/fontawesome-webfonte0a5.woff2]
[asianitbd.com/wp/eventtime/wp-content/themes/eventtime/fonts/fontawesome-webfonte0a5.woff]
[asianitbd.com/wp/eventtime/wp-content/themes/eventtime/fonts/fontawesome-webfonte0a5.eot]
[asianitbd.com/wp/eventtime/wp-content/themes/eventtime/fonts/fontawesome-webfontd41d.eot]
[asianitbd.com/wp/eventtime/wp-content/themes/eventtime/fonts/fontawesome-webfonte0a5.ttf]
[asianitbd.com/wp/eventtime/wp-content/themes/eventtime/css/font-awesome.mind47a.css]
[asianitbd.com/wp/eventtime/wp-content/themes/eventtime/css/animated47a.css]
[asianitbd.com/wp/eventtime/wp-content/themes/eventtime/css/hoverd47a.css]
[asianitbd.com/wp/eventtime/wp-content/themes/eventtime/img/fancybox/fancybox_sprite.png]
[asianitbd.com/wp/eventtime/wp-content/themes/eventtime/img/fancybox/fancybox_loading.gif]
[asianitbd.com/wp/eventtime/wp-content/themes/eventtime/fonts/fontawesome-webfonte0a5.svg]
[asianitbd.com/wp/eventtime/wp-content/themes/eventtime/img/fancybox/blank.gif]
[asianitbd.com/wp/eventtime/wp-content/themes/eventtime/img/fancybox/fancybox_overlay.png]
[asianitbd.com/wp/eventtime/wp-content/themes/eventtime/img/fancybox/fancybox_sprite@2x.png]
[asianitbd.com/wp/eventtime/wp-content/themes/eventtime/img/fancybox/fancybox_loading@2x.gif]
[asianitbd.com/wp/eventtime/wp-content/themes/eventtime/css/jquery.fancyboxd47a.css]
[asianitbd.com/wp/eventtime/wp-content/themes/eventtime/img/bx-slider/bx_loader.gif]
[asianitbd.com/wp/eventtime/wp-content/themes/eventtime/img/bx-slider/controls.png]
[asianitbd.com/wp/eventtime/wp-content/themes/eventtime/css/jquery.bxsliderd47a.css]
[asianitbd.com/wp/eventtime/wp-content/themes/eventtime/css/owl.video.play.png]
[asianitbd.com/wp/eventtime/wp-content/themes/eventtime/css/owl.carouseld47a.css]
[asianitbd.com/wp/eventtime/wp-content/themes/eventtime/css/owl.theme.default.mind47a.css]
[asianitbd.com/wp/eventtime/wp-content/themes/eventtime/img/rs-img/images/gradient/g30.png]
[asianitbd.com/wp/eventtime/wp-content/themes/eventtime/img/rs-img/images/gradient/g40.png]
[asianitbd.com/wp/eventtime/wp-content/themes/eventtime/img/rs-img/shadow1.png]
[asianitbd.com/wp/eventtime/wp-content/themes/eventtime/img/rs-img/shadow2.png]
[asianitbd.com/wp/eventtime/wp-content/themes/eventtime/img/rs-img/shadow3.png]
[asianitbd.com/wp/eventtime/wp-content/themes/eventtime/img/rs-img/gridtile.png]
[asianitbd.com/wp/eventtime/wp-content/themes/eventtime/img/rs-img/gridtile_white.png]
[asianitbd.com/wp/eventtime/wp-content/themes/eventtime/img/rs-img/gridtile_3x3.png]
[asianitbd.com/wp/eventtime/wp-content/themes/eventtime/img/rs-img/gridtile_3x3_white.png]
[asianitbd.com/wp/eventtime/wp-content/themes/eventtime/img/rs-img/boxed_bgtile.png]
[asianitbd.com/wp/eventtime/wp-content/themes/eventtime/img/rs-img/navigdots_bgtile.png]
[asianitbd.com/wp/eventtime/wp-content/themes/eventtime/img/rs-img/bullet.png]
[asianitbd.com/wp/eventtime/wp-content/themes/eventtime/img/rs-img/bullets.png]
[asianitbd.com/wp/eventtime/wp-content/themes/eventtime/img/rs-img/bullets2.png]
[asianitbd.com/wp/eventtime/wp-content/themes/eventtime/img/rs-img/bullet_boxed.png]
[asianitbd.com/wp/eventtime/wp-content/themes/eventtime/img/rs-img/navigdots.png]
[asianitbd.com/wp/eventtime/wp-content/themes/eventtime/img/rs-img/large_left.png]
[asianitbd.com/wp/eventtime/wp-content/themes/eventtime/img/rs-img/large_right.png]
[asianitbd.com/wp/eventtime/wp-content/themes/eventtime/img/rs-img/small_left.png]
[asianitbd.com/wp/eventtime/wp-content/themes/eventtime/img/rs-img/small_right.png]
[asianitbd.com/wp/eventtime/wp-content/themes/eventtime/img/rs-img/arrow_left.png]
[asianitbd.com/wp/eventtime/wp-content/themes/eventtime/img/rs-img/arrow_right.png]
[asianitbd.com/wp/eventtime/wp-content/themes/eventtime/img/rs-img/small_left_boxed.png]
[asianitbd.com/wp/eventtime/wp-content/themes/eventtime/img/rs-img/small_right_boxed.png]
[asianitbd.com/wp/eventtime/wp-content/themes/eventtime/img/rs-img/arrowleft.png]
[asianitbd.com/wp/eventtime/wp-content/themes/eventtime/img/rs-img/arrowright.png]
[asianitbd.com/wp/eventtime/wp-content/themes/eventtime/img/rs-img/arrow_left2.png]
[asianitbd.com/wp/eventtime/wp-content/themes/eventtime/img/rs-img/arrow_right2.png]
[asianitbd.com/wp/eventtime/wp-content/themes/eventtime/img/rs-img/timer.png]
[asianitbd.com/wp/eventtime/wp-content/themes/eventtime/img/rs-img/coloredbg.png]
[asianitbd.com/wp/eventtime/wp-content/themes/eventtime/img/rs-img/loader.gif]
[asianitbd.com/wp/eventtime/wp-content/themes/eventtime/fonts/revicons90c6.eot]
[asianitbd.com/wp/eventtime/wp-content/themes/eventtime/fonts/revicons90c6.woff]
[asianitbd.com/wp/eventtime/wp-content/themes/eventtime/fonts/revicons90c6.ttf]
[asianitbd.com/wp/eventtime/wp-content/themes/eventtime/css/settingsd47a.css]
[asianitbd.com/wp/eventtime/wp-content/themes/eventtime/fonts/revicons90c6.svg]
[asianitbd.com/wp/eventtime/wp-content/themes/eventtime/img/background/banner-bg.jpg]
[asianitbd.com/wp/eventtime/wp-content/themes/eventtime/img/resources/date-bg.png]
[asianitbd.com/wp/eventtime/wp-content/themes/eventtime/img/resources/counter-number-bg.png]
[asianitbd.com/wp/eventtime/wp-content/themes/eventtime/img/gallery/overlay-bg.png]
[asianitbd.com/wp/eventtime/wp-content/themes/eventtime/img/background/register-bg.jpg]
[asianitbd.com/wp/eventtime/wp-content/themes/eventtime/img/background/subscribe-section-bg.jpg]
[asianitbd.com/wp/eventtime/wp-content/themes/eventtime/img/app-section/icon-bg.png]
[asianitbd.com/wp/eventtime/wp-content/themes/eventtime/img/resources/price-table-bagage.png]
[asianitbd.com/wp/eventtime/wp-content/themes/eventtime/img/background/testimonials-bg.jpg]
[asianitbd.com/wp/eventtime/wp-content/themes/eventtime/img/resources/subscribe-icon.png]
[asianitbd.com/wp/eventtime/wp-content/themes/eventtime/img/resources/social-icon-bg.png]
[asianitbd.com/wp/eventtime/wp-content/themes/eventtime/img/number-facts/single-counter-bg.png]
[asianitbd.com/wp/eventtime/wp-content/themes/eventtime/img/service-text/list-bullet.png]
[asianitbd.com/wp/eventtime/wp-content/themes/eventtime/img/resources/preloader.gif]
[asianitbd.com/wp/eventtime/wp-content/themes/eventtime/styled47a.css]
[asianitbd.com/wp/eventtime/wp-content/themes/eventtime/css/responsived47a.css]
[asianitbd.com/wp/eventtime/wp-content/themes/eventtime/css/customd47a.css]
[asianitbd.com/wp/eventtime/wp-content/plugins/js_composer/assets/vc/alert.png]
[asianitbd.com/wp/eventtime/wp-content/plugins/js_composer/assets/vc/info.png]
[asianitbd.com/wp/eventtime/wp-content/plugins/js_composer/assets/vc/tick.png]
[asianitbd.com/wp/eventtime/wp-content/plugins/js_composer/assets/vc/exclamation.png]
[asianitbd.com/wp/eventtime/wp-content/plugins/js_composer/assets/images/icons/address-book.png]
[asianitbd.com/wp/eventtime/wp-content/plugins/js_composer/assets/images/icons/alarm-clock.png]
[asianitbd.com/wp/eventtime/wp-content/plugins/js_composer/assets/images/icons/anchor.png]
[asianitbd.com/wp/eventtime/wp-content/plugins/js_composer/assets/images/icons/application-image.png]
[asianitbd.com/wp/eventtime/wp-content/plugins/js_composer/assets/images/icons/arrow.png]
[asianitbd.com/wp/eventtime/wp-content/plugins/js_composer/assets/images/icons/asterisk.png]
[asianitbd.com/wp/eventtime/wp-content/plugins/js_composer/assets/images/icons/auction-hammer.png]
[asianitbd.com/wp/eventtime/wp-content/plugins/js_composer/assets/images/icons/balloon.png]
[asianitbd.com/wp/eventtime/wp-content/plugins/js_composer/assets/images/icons/balloon-buzz.png]
[asianitbd.com/wp/eventtime/wp-content/plugins/js_composer/assets/images/icons/balloon-facebook.png]
[asianitbd.com/wp/eventtime/wp-content/plugins/js_composer/assets/images/icons/balloon-twitter.png]
[asianitbd.com/wp/eventtime/wp-content/plugins/js_composer/assets/images/icons/battery-full.png]
[asianitbd.com/wp/eventtime/wp-content/plugins/js_composer/assets/images/icons/binocular.png]
[asianitbd.com/wp/eventtime/wp-content/plugins/js_composer/assets/images/icons/blue-document-excel.png]
[asianitbd.com/wp/eventtime/wp-content/plugins/js_composer/assets/images/icons/blue-document-image.png]
[asianitbd.com/wp/eventtime/wp-content/plugins/js_composer/assets/images/icons/blue-document-music.png]
[asianitbd.com/wp/eventtime/wp-content/plugins/js_composer/assets/images/icons/blue-document-office.png]
[asianitbd.com/wp/eventtime/wp-content/plugins/js_composer/assets/images/icons/blue-document-pdf.png]
[asianitbd.com/wp/eventtime/wp-content/plugins/js_composer/assets/images/icons/blue-document-powerpoint.png]
[asianitbd.com/wp/eventtime/wp-content/plugins/js_composer/assets/images/icons/blue-document-word.png]
[asianitbd.com/wp/eventtime/wp-content/plugins/js_composer/assets/images/icons/bookmark.png]
[asianitbd.com/wp/eventtime/wp-content/plugins/js_composer/assets/images/icons/camcorder.png]
[asianitbd.com/wp/eventtime/wp-content/plugins/js_composer/assets/images/icons/camera.png]
[asianitbd.com/wp/eventtime/wp-content/plugins/js_composer/assets/images/icons/chart.png]
[asianitbd.com/wp/eventtime/wp-content/plugins/js_composer/assets/images/icons/chart-pie.png]
[asianitbd.com/wp/eventtime/wp-content/plugins/js_composer/assets/images/icons/clock.png]
[asianitbd.com/wp/eventtime/wp-content/plugins/js_composer/assets/images/icons/control.png]
[asianitbd.com/wp/eventtime/wp-content/plugins/js_composer/assets/images/icons/fire.png]
[asianitbd.com/wp/eventtime/wp-content/plugins/js_composer/assets/images/icons/heart.png]
[asianitbd.com/wp/eventtime/wp-content/plugins/js_composer/assets/images/icons/mail.png]
[asianitbd.com/wp/eventtime/wp-content/plugins/js_composer/assets/images/icons/plus-shield.png]
[asianitbd.com/wp/eventtime/wp-content/plugins/js_composer/assets/images/icons/video.png]
[asianitbd.com/wp/eventtime/wp-content/plugins/js_composer/assets/images/toggle_open.png]
[asianitbd.com/wp/eventtime/wp-content/plugins/js_composer/assets/images/toggle_close.png]
[asianitbd.com/wp/eventtime/wp-content/plugins/js_composer/assets/images/flickr.png]
[asianitbd.com/wp/eventtime/wp-content/plugins/js_composer/assets/fonts/vc_grid/vc_grid_v157a1.eot]
[asianitbd.com/wp/eventtime/wp-content/plugins/js_composer/assets/fonts/vc_grid/vc_grid_v1d41d.eot]
[asianitbd.com/wp/eventtime/wp-content/plugins/js_composer/assets/fonts/vc_grid/vc_grid_v157a1.woff]
[asianitbd.com/wp/eventtime/wp-content/plugins/js_composer/assets/fonts/vc_grid/vc_grid_v157a1.ttf]
[asianitbd.com/wp/eventtime/wp-content/plugins/js_composer/assets/css/js_composer.minc422.css]
[asianitbd.com/wp/eventtime/wp-admin/admin-ajax.html]
[asianitbd.com/wp/eventtime/wp-content/plugins/js_composer/assets/fonts/vc_grid/vc_grid_v157a1.svg]
[asianitbd.com/wp/eventtime/wp-json/oembed/1.0/embedc97a.json]
[asianitbd.com/wp/eventtime/wp-json/oembed/1.0/embedd52c]
[asianitbd.com/wp/eventtime/wp-content/uploads/2016/01/4-1-2-90x90.png]
[asianitbd.com/wp/eventtime/wp-content/uploads/2016/01/3-1-2-90x90.png]
[asianitbd.com/wp/eventtime/wp-content/uploads/2016/01/2-1-2-90x90.png]
[asianitbd.com/wp/eventtime/wp-content/uploads/2016/01/1-1-2-90x90.png]
[asianitbd.com/wp/eventtime/home-v2/index-2.html]
[asianitbd.com/wp/eventtime/home-v2/index.html]
[asianitbd.com/wp/eventtime/wp-json/oembed/1.0/embed65cd.json]
[asianitbd.com/wp/eventtime/wp-json/oembed/1.0/embeddc5f]
[asianitbd.com/wp/eventtime/wp-content/uploads/2016/01/icon-2-4-31x32.png]
[asianitbd.com/wp/eventtime/wp-content/uploads/2016/01/icon-1-4.png]
[asianitbd.com/wp/eventtime/wp-content/uploads/2016/01/about-banner-2.jpg]
[asianitbd.com/wp/eventtime/wp-content/uploads/2016/01/icon-1-1-2.png]
[asianitbd.com/wp/eventtime/wp-content/uploads/2016/01/icon-2-1-2.png]
[asianitbd.com/wp/eventtime/wp-content/uploads/2016/01/icon-3-3.png]
[asianitbd.com/wp/eventtime/wp-content/uploads/2016/01/icon-4-3.png]
[asianitbd.com/wp/eventtime/about-us/index-2.html]
[asianitbd.com/wp/eventtime/about-us/index.html]
[asianitbd.com/wp/eventtime/wp-json/oembed/1.0/embed340e.json]
[asianitbd.com/wp/eventtime/wp-json/oembed/1.0/embedbe7c]
[asianitbd.com/wp/eventtime/wp-content/uploads/2016/01/about-banner-2-560x348.jpg]
[asianitbd.com/wp/eventtime/wp-content/uploads/2016/01/tab-content-img-2.jpg]
[asianitbd.com/wp/eventtime/wp-content/uploads/2016/01/icon-1-2-2-32x28.png]
[asianitbd.com/wp/eventtime/wp-content/uploads/2016/01/icon-2-2-2.png]
[asianitbd.com/wp/eventtime/wp-content/uploads/2016/01/icon-3-1-2.png]
[asianitbd.com/wp/eventtime/wp-content/uploads/2016/01/icon-4-1-2-26x32.png]
[asianitbd.com/wp/eventtime/wp-content/uploads/2016/01/icon-5-2.png]
[asianitbd.com/wp/eventtime/wp-content/uploads/2016/01/icon-6-2-32x30.png]
[asianitbd.com/wp/eventtime/services-html/index-2.html]
[asianitbd.com/wp/eventtime/services-html/index.html]
[asianitbd.com/wp/eventtime/wp-content/uploads/2016/02/3-2.jpg]
[asianitbd.com/wp/eventtime/2016/02/index-2.html]
[asianitbd.com/wp/eventtime/2016/02/page/2/index.html]
[asianitbd.com/wp/eventtime/2016/02/index.html]
[asianitbd.com/wp/eventtime/2016/02/page/3/index.html]
[asianitbd.com/wp/eventtime/2016/02/page/5/index.html]
[asianitbd.com/wp/eventtime/2016/02/11/blog-heading/feed/index.html]
[asianitbd.com/wp/eventtime/wp-json/oembed/1.0/embedb9f6.json]
[asianitbd.com/wp/eventtime/wp-json/oembed/1.0/embed6ea2]
[asianitbd.com/wp/eventtime/wp-content/uploads/2016/02/single-post-2.jpg]
[asianitbd.com/wp/eventtime/2016/02/11/blog-heading/index-2.html]
[asianitbd.com/wp/eventtime/2016/02/11/blog-heading/index0e22.html]
[asianitbd.com/wp/eventtime/2016/02/11/blog-heading/index.html]
[asianitbd.com/wp/eventtime/2016/02/11/blog-heading/index3094.html]
[asianitbd.com/wp/eventtime/2016/02/11/blog-heading/index21b4.html]
[asianitbd.com/wp/eventtime/author/eventtime/index-2.html]
[asianitbd.com/wp/eventtime/author/eventtime/feed/index.html]
[asianitbd.com/wp/eventtime/author/eventtime/index.html]
[asianitbd.com/wp/eventtime/author/eventtime/page/2/index.html]
[asianitbd.com/wp/eventtime/author/eventtime/page/3/index.html]
[asianitbd.com/wp/eventtime/author/eventtime/page/5/index.html]
[asianitbd.com/wp/eventtime/wp-json/oembed/1.0/embedf055.json]
[asianitbd.com/wp/eventtime/2016/02/11/post-with-image-here-7/feed/index.html]
[asianitbd.com/wp/eventtime/wp-json/oembed/1.0/embedde3a]
[asianitbd.com/wp/eventtime/2016/02/11/post-with-image-here-7/index-2.html]
[asianitbd.com/wp/eventtime/2016/02/11/post-with-image-here-7/index.html]
[asianitbd.com/wp/eventtime/wp-json/oembed/1.0/embed0bb3.json]
[asianitbd.com/wp/eventtime/2016/02/11/text-post-only-here/feed/index.html]
[asianitbd.com/wp/eventtime/wp-json/oembed/1.0/embed2746]
[asianitbd.com/wp/eventtime/2016/02/11/text-post-only-here/index-2.html]
[asianitbd.com/wp/eventtime/2016/02/11/text-post-only-here/index.html]
[asianitbd.com/wp/eventtime/wp-json/oembed/1.0/embedbf60.json]
[asianitbd.com/wp/eventtime/2016/02/11/post-with-link/feed/index.html]
[asianitbd.com/wp/eventtime/wp-json/oembed/1.0/embed728f]
[asianitbd.com/wp/eventtime/2016/02/11/post-with-link/index-2.html]
[asianitbd.com/wp/eventtime/2016/02/11/post-with-link/index.html]
[asianitbd.com/wp/eventtime/wp-json/oembed/1.0/embed7cf6.json]
[asianitbd.com/wp/eventtime/2016/02/11/post-with-image-here/feed/index.html]
[asianitbd.com/wp/eventtime/wp-json/oembed/1.0/embed9b88]
[asianitbd.com/wp/eventtime/2016/02/11/post-with-image-here/index-2.html]
[asianitbd.com/wp/eventtime/2016/02/11/post-with-image-here/index.html]
[asianitbd.com/wp/eventtime/wp-json/oembed/1.0/embed4613.json]
[asianitbd.com/wp/eventtime/2016/02/11/post-with-image-here-6/feed/index.html]
[asianitbd.com/wp/eventtime/wp-json/oembed/1.0/embedde5a]
[asianitbd.com/wp/eventtime/2016/02/11/post-with-image-here-6/index-2.html]
[asianitbd.com/wp/eventtime/2016/02/11/post-with-image-here-6/index.html]
[asianitbd.com/wp/eventtime/wp-json/oembed/1.0/embeded31.json]
[asianitbd.com/wp/eventtime/2016/02/11/post-with-image-here-5/feed/index.html]
[asianitbd.com/wp/eventtime/wp-json/oembed/1.0/embedcbca]
[asianitbd.com/wp/eventtime/wp-content/uploads/2016/01/1-1-2.jpg]
[asianitbd.com/wp/eventtime/2016/02/11/post-with-image-here-5/index-2.html]
[asianitbd.com/wp/eventtime/2016/02/11/post-with-image-here-5/index.html]
[asianitbd.com/wp/eventtime/wp-json/oembed/1.0/embed7723.json]
[asianitbd.com/wp/eventtime/2016/02/11/post-with-image-here-4/feed/index.html]
[asianitbd.com/wp/eventtime/wp-json/oembed/1.0/embed363c]
[asianitbd.com/wp/eventtime/2016/02/11/post-with-image-here-4/index-2.html]
[asianitbd.com/wp/eventtime/2016/02/11/post-with-image-here-4/index.html]
[asianitbd.com/wp/eventtime/wp-json/oembed/1.0/embedad71.json]
[asianitbd.com/wp/eventtime/2016/02/11/post-with-image-here-3/feed/index.html]
[asianitbd.com/wp/eventtime/wp-json/oembed/1.0/embed396c]
[asianitbd.com/wp/eventtime/2016/02/11/post-with-image-here-3/index-2.html]
[asianitbd.com/wp/eventtime/2016/02/11/post-with-image-here-3/index.html]
[asianitbd.com/wp/eventtime/wp-json/oembed/1.0/embed2ee5.json]
[asianitbd.com/wp/eventtime/2016/02/11/post-with-image-here-2/feed/index.html]
[asianitbd.com/wp/eventtime/wp-json/oembed/1.0/embede639]
[asianitbd.com/wp/eventtime/2016/02/11/post-with-image-here-2/index-2.html]
[asianitbd.com/wp/eventtime/2016/02/11/post-with-image-here-2/index.html]
[asianitbd.com/wp/eventtime/index-2.html]
[asianitbd.com/wp/eventtime/wp-content/plugins/revslider/public/assets/fonts/revicons/revicons90c6.svg]
[asianitbd.com/wp/eventtime/wp-content/plugins/revslider/public/assets/css/openhand.html]
[asianitbd.com/wp/eventtime/wp-content/plugins/revslider/public/assets/css/closedhand.html]
[asianitbd.com/wp/eventtime/wp-content/themes/eventtime/fonts/glyphicons-halflings-regular.svg]
[asianitbd.com/wp/eventtime/wp-content/themes/eventtime/fonts/fontawesome-webfonte0a5.svg]
[asianitbd.com/wp/eventtime/wp-content/themes/eventtime/css/owl.video.play.html]
[asianitbd.com/wp/eventtime/wp-content/themes/eventtime/fonts/revicons90c6.svg]
[asianitbd.com/wp/eventtime/wp-content/plugins/js_composer/assets/fonts/vc_grid/vc_grid_v157a1.svg]
[asianitbd.com/wp/eventtime/index8cf0.html]
[asianitbd.com/wp/eventtime/home-v2/index-2.html]
[asianitbd.com/wp/eventtime/index2df4.html]
[asianitbd.com/wp/eventtime/about-us/index-2.html]
[asianitbd.com/wp/eventtime/index42dc.html]
[asianitbd.com/wp/eventtime/services-html/index-2.html]
[asianitbd.com/wp/eventtime/2016/02/page/2/index-2.html]
[asianitbd.com/wp/eventtime/2016/02/page/2/index.html]
[asianitbd.com/wp/eventtime/2016/02/page/4/index.html]
[asianitbd.com/wp/eventtime/2016/02/page/3/index-2.html]
[asianitbd.com/wp/eventtime/2016/02/page/3/index.html]
[asianitbd.com/wp/eventtime/wp-content/uploads/2016/02/single-post-2-420x300.jpg]
[asianitbd.com/wp/eventtime/wp-content/uploads/2016/02/2-2-350x300.jpg]
[asianitbd.com/wp/eventtime/2016/02/page/5/index-2.html]
[asianitbd.com/wp/eventtime/2016/02/page/5/index.html]
[asianitbd.com/wp/eventtime/2016/02/index-2.html]
[asianitbd.com/wp/eventtime/index146c.html]
[asianitbd.com/wp/eventtime/2016/02/11/blog-heading/index0e22.html]
[asianitbd.com/wp/eventtime/2016/02/11/blog-heading/index3094.html]
[asianitbd.com/wp/eventtime/2016/02/11/blog-heading/index21b4.html]
[asianitbd.com/wp/eventtime/2016/02/11/blog-heading/index-2.html]
[asianitbd.com/wp/eventtime/author/eventtime/page/2/index-2.html]
[asianitbd.com/wp/eventtime/author/eventtime/page/2/index.html]
[asianitbd.com/wp/eventtime/author/eventtime/page/4/index.html]
[asianitbd.com/wp/eventtime/author/eventtime/page/3/index-2.html]
[asianitbd.com/wp/eventtime/author/eventtime/page/3/index.html]
[asianitbd.com/wp/eventtime/author/eventtime/page/5/index-2.html]
[asianitbd.com/wp/eventtime/author/eventtime/page/5/index.html]
[asianitbd.com/wp/eventtime/author/eventtime/index-2.html]
[asianitbd.com/wp/eventtime/indexeb91.html]
[asianitbd.com/wp/eventtime/2016/02/11/post-with-image-here-7/index-2.html]
[asianitbd.com/wp/eventtime/index5a6a.html]
[asianitbd.com/wp/eventtime/2016/02/11/text-post-only-here/index-2.html]
[asianitbd.com/wp/eventtime/index261b.html]
[asianitbd.com/wp/eventtime/2016/02/11/post-with-link/index-2.html]
[asianitbd.com/wp/eventtime/indexe8f5.html]
[asianitbd.com/wp/eventtime/2016/02/11/post-with-image-here/index-2.html]
[asianitbd.com/wp/eventtime/indexc140.html]
[asianitbd.com/wp/eventtime/2016/02/11/post-with-image-here-6/index-2.html]
[asianitbd.com/wp/eventtime/index6452.html]
[asianitbd.com/wp/eventtime/2016/02/11/post-with-image-here-5/index-2.html]
[asianitbd.com/wp/eventtime/index5051.html]
[asianitbd.com/wp/eventtime/2016/02/11/post-with-image-here-4/index-2.html]
[asianitbd.com/wp/eventtime/index85b3.html]
[asianitbd.com/wp/eventtime/2016/02/11/post-with-image-here-3/index-2.html]
[asianitbd.com/wp/eventtime/indexc8fa.html]
[asianitbd.com/wp/eventtime/2016/02/11/post-with-image-here-2/index-2.html]
[asianitbd.com/wp/eventtime/2016/02/page/1/index.html]
[asianitbd.com/wp/eventtime/2016/02/page/4/index-2.html]
[asianitbd.com/wp/eventtime/2016/02/page/4/index.html]
[asianitbd.com/wp/eventtime/2016/02/page/2/index-2.html]
[asianitbd.com/wp/eventtime/2016/02/page/3/index-2.html]
[asianitbd.com/wp/eventtime/2016/02/page/5/index-2.html]
[asianitbd.com/wp/eventtime/author/eventtime/page/1/index.html]
[asianitbd.com/wp/eventtime/author/eventtime/page/4/index-2.html]
[asianitbd.com/wp/eventtime/author/eventtime/page/4/index.html]
[asianitbd.com/wp/eventtime/author/eventtime/page/2/index-2.html]
[asianitbd.com/wp/eventtime/author/eventtime/page/3/index-2.html]
[asianitbd.com/wp/eventtime/author/eventtime/page/5/index-2.html]
[asianitbd.com/wp/eventtime/2016/02/page/4/index-2.html]
[asianitbd.com/wp/eventtime/author/eventtime/page/4/index-2.html]
